2026-03-12 22:37:25,399 - INFO - app.rag.rag_pipeline - Initializing RAGPipeline
2026-03-12 22:37:39,553 - INFO - app.rag.rag_pipeline - Loaded 26 products
2026-03-12 22:40:25,231 - INFO - app.rag.rag_pipeline - User request: Điều kiện vay mua ô tô
2026-03-12 22:40:29,175 - INFO - app.rag.rag_pipeline - Rewritten query: Các điều kiện cần có để vay mua ô tô tại ngân hàng Vietcombank là gì?
2026-03-12 22:40:30,321 - INFO - app.rag.rag_pipeline - Product router detected: ['Vay mua ô tô']
2026-03-12 22:40:30,322 - INFO - app.rag.rag_pipeline - Detected products after rewrite: ['Vay mua ô tô']
2026-03-12 22:40:33,784 - INFO - app.rag.rag_pipeline - Multi queries: ['Tôi cần biết những yêu cầu để vay mua ô tô tại ngân hàng Vietcombank.']
2026-03-12 22:40:33,785 - INFO - app.rag.rag_pipeline - Final search queries: ['Các điều kiện cần có để vay mua ô tô tại ngân hàng Vietcombank là gì?', 'Tôi cần biết những yêu cầu để vay mua ô tô tại ngân hàng Vietcombank.', 'Các điều kiện cần có để vay mua ô tô tại ngân hàng Vietcombank là gì? Vay mua ô tô']
2026-03-12 22:40:33,786 - INFO - app.rag.rag_pipeline - Starting retrieval
2026-03-12 22:40:35,607 - INFO - app.rag.rag_pipeline - Retrieved docs: 4
2026-03-12 22:40:45,982 - INFO - app.rag.rag_pipeline - RAG latency: 18.77s
2026-03-12 23:48:28,137 - INFO - app.rag.rag_pipeline - Initializing RAGPipeline
2026-03-12 23:48:41,493 - INFO - app.rag.rag_pipeline - Loaded 26 products
2026-03-12 23:48:41,494 - INFO - app.rag.rag_pipeline - User request: Điều kiện vay mua ô tô
2026-03-12 23:48:45,388 - INFO - app.rag.rag_pipeline - Rewritten query: Các điều kiện cần có để vay mua ô tô tại ngân hàng Vietcombank là gì?
2026-03-12 23:48:46,964 - INFO - app.rag.rag_pipeline - Product router detected: ['Vay mua ô tô']
2026-03-12 23:48:46,965 - INFO - app.rag.rag_pipeline - Detected products after rewrite: ['Vay mua ô tô']
2026-03-12 23:48:50,067 - INFO - app.rag.rag_pipeline - Multi queries: ['Tôi cần biết những yêu cầu để vay mua ô tô tại ngân hàng Vietcombank.']
2026-03-12 23:48:50,070 - INFO - app.rag.rag_pipeline - Final search queries: ['Các điều kiện cần có để vay mua ô tô tại ngân hàng Vietcombank là gì?', 'Tôi cần biết những yêu cầu để vay mua ô tô tại ngân hàng Vietcombank.', 'Các điều kiện cần có để vay mua ô tô tại ngân hàng Vietcombank là gì? Vay mua ô tô']
2026-03-12 23:48:50,071 - INFO - app.rag.rag_pipeline - Starting retrieval
2026-03-12 23:48:51,848 - INFO - app.rag.rag_pipeline - Retrieved docs: 4
2026-03-12 23:49:00,557 - INFO - app.rag.rag_pipeline - RAG latency: 16.68s
2026-03-13 00:32:42,770 - INFO - app.rag.rag_pipeline - Initializing RAGPipeline
2026-03-13 00:32:56,204 - INFO - app.rag.rag_pipeline - Loaded 26 products
2026-03-13 00:32:56,205 - INFO - app.rag.rag_pipeline - User request: Điều kien vay mua o to
2026-03-13 00:32:59,708 - INFO - app.rag.rag_pipeline - Rewritten query: Các điều kiện để vay mua ô tô tại ngân hàng Vietcombank là gì?
2026-03-13 00:33:00,900 - INFO - app.rag.rag_pipeline - Product router detected: ['Vay mua ô tô']
2026-03-13 00:33:00,901 - INFO - app.rag.rag_pipeline - Detected products after rewrite: ['Vay mua ô tô']
2026-03-13 00:33:02,855 - INFO - app.rag.rag_pipeline - Multi queries: ['Tôi cần biết những yêu cầu để vay mua ô tô tại ngân hàng Vietcombank.']
2026-03-13 00:33:02,855 - INFO - app.rag.rag_pipeline - Final search queries: ['Các điều kiện để vay mua ô tô tại ngân hàng Vietcombank là gì?', 'Tôi cần biết những yêu cầu để vay mua ô tô tại ngân hàng Vietcombank.', 'Các điều kiện để vay mua ô tô tại ngân hàng Vietcombank là gì? Vay mua ô tô']
2026-03-13 00:33:02,856 - INFO - app.rag.rag_pipeline - Starting retrieval
2026-03-13 00:33:04,249 - INFO - app.rag.rag_pipeline - Retrieved docs: 4
2026-03-13 00:33:14,358 - INFO - app.rag.rag_pipeline - RAG latency: 16.50s
2026-03-13 13:07:20,813 - INFO - app.rag.rag_pipeline - Initializing RAGPipeline
2026-03-13 13:07:26,405 - INFO - app.rag.rag_pipeline - Loaded 26 products
2026-03-13 13:07:26,405 - INFO - app.rag.rag_pipeline - User request: Điều kiện của gói vay An tâm kinh doanh
2026-03-13 13:07:30,128 - INFO - app.rag.rag_pipeline - Rewritten query: Điều kiện để được vay gói An tâm kinh doanh tại ngân hàng Vietcombank là gì?
2026-03-13 13:07:31,501 - INFO - app.rag.rag_pipeline - Product router detected: ['An tâm kinh doanh']
2026-03-13 13:07:31,503 - INFO - app.rag.rag_pipeline - Detected products after rewrite: ['An tâm kinh doanh']
2026-03-13 13:07:37,036 - INFO - app.rag.rag_pipeline - Multi queries: ['Tôi cần biết điều kiện vay gói An tâm kinh doanh của ngân hàng Vietcombank.']
2026-03-13 13:07:37,036 - INFO - app.rag.rag_pipeline - Final search queries: ['Điều kiện để được vay gói An tâm kinh doanh tại ngân hàng Vietcombank là gì?', 'Tôi cần biết điều kiện vay gói An tâm kinh doanh của ngân hàng Vietcombank.', 'Điều kiện để được vay gói An tâm kinh doanh tại ngân hàng Vietcombank là gì? An tâm kinh doanh']
2026-03-13 13:07:37,036 - INFO - app.rag.rag_pipeline - Starting retrieval
2026-03-13 13:07:44,228 - INFO - app.rag.rag_pipeline - Retrieved docs: 6
2026-03-13 13:07:58,947 - INFO - app.rag.rag_pipeline - RAG latency: 30.37s
2026-03-13 14:08:37,063 - INFO - app.rag.rag_pipeline - Initializing RAGPipeline
2026-03-13 14:08:37,070 - INFO - app.rag.rag_pipeline - Loaded 26 products
2026-03-13 14:08:37,070 - INFO - app.rag.rag_pipeline - User request: Các gói vay kinh doanh của VCB
2026-03-13 14:08:41,403 - INFO - app.rag.rag_pipeline - Rewritten query: Thông tin về các gói vay kinh doanh của Ngân hàng Vietcombank là gì?
2026-03-13 14:08:42,850 - INFO - app.rag.rag_pipeline - Product router detected: ['An tâm kinh doanh', 'Kinh doanh tài lộc', 'Vay cầm cố giấy tờ có giá']
2026-03-13 14:08:42,851 - INFO - app.rag.rag_pipeline - Detected products after rewrite: ['An tâm kinh doanh', 'Kinh doanh tài lộc', 'Vay cầm cố giấy tờ có giá']
2026-03-13 14:08:46,955 - INFO - app.rag.rag_pipeline - Multi queries: ['Ngân hàng Vietcombank cung cấp những gói vay kinh doanh nào?']
2026-03-13 14:08:46,955 - INFO - app.rag.rag_pipeline - Final search queries: ['Thông tin về các gói vay kinh doanh của Ngân hàng Vietcombank là gì?', 'Ngân hàng Vietcombank cung cấp những gói vay kinh doanh nào?', 'Thông tin về các gói vay kinh doanh của Ngân hàng Vietcombank là gì? An tâm kinh doanh', 'Thông tin về các gói vay kinh doanh của Ngân hàng Vietcombank là gì? Kinh doanh tài lộc', 'Thông tin về các gói vay kinh doanh của Ngân hàng Vietcombank là gì? Vay cầm cố giấy tờ có giá']
2026-03-13 14:08:46,955 - INFO - app.rag.rag_pipeline - Starting retrieval
2026-03-13 14:21:03,739 - INFO - app.rag.rag_pipeline - User request: Các gói vay kinh doanh của VCB
2026-03-13 14:21:05,712 - INFO - app.rag.rag_pipeline - Rewritten query: Thông tin về các gói vay kinh doanh của Ngân hàng Vietcombank là gì?
2026-03-13 14:21:07,404 - INFO - app.rag.rag_pipeline - Product router detected: ['An tâm kinh doanh', 'Kinh doanh tài lộc', 'Vay cầm cố giấy tờ có giá']
2026-03-13 14:21:07,405 - INFO - app.rag.rag_pipeline - Detected products after rewrite: ['An tâm kinh doanh', 'Kinh doanh tài lộc', 'Vay cầm cố giấy tờ có giá']
2026-03-13 14:21:10,443 - INFO - app.rag.rag_pipeline - Multi queries: ['Ngân hàng Vietcombank có những gói vay kinh doanh nào?']
2026-03-13 14:21:10,445 - INFO - app.rag.rag_pipeline - Final search queries: ['Thông tin về các gói vay kinh doanh của Ngân hàng Vietcombank là gì?', 'Ngân hàng Vietcombank có những gói vay kinh doanh nào?', 'Thông tin về các gói vay kinh doanh của Ngân hàng Vietcombank là gì? An tâm kinh doanh', 'Thông tin về các gói vay kinh doanh của Ngân hàng Vietcombank là gì? Kinh doanh tài lộc', 'Thông tin về các gói vay kinh doanh của Ngân hàng Vietcombank là gì? Vay cầm cố giấy tờ có giá']
2026-03-13 14:21:10,446 - INFO - app.rag.rag_pipeline - Starting retrieval
2026-03-13 14:22:44,574 - INFO - app.rag.rag_pipeline - User request: Các gói vay kinh doanh của VCB
2026-03-13 14:22:46,340 - INFO - app.rag.rag_pipeline - Rewritten query: Thông tin về các gói vay kinh doanh của Ngân hàng Vietcombank là gì?
2026-03-13 14:22:47,129 - INFO - app.rag.rag_pipeline - Product router detected: ['An tâm kinh doanh', 'Kinh doanh tài lộc', 'Vay cầm cố giấy tờ có giá']
2026-03-13 14:22:47,130 - INFO - app.rag.rag_pipeline - Detected products after rewrite: ['An tâm kinh doanh', 'Kinh doanh tài lộc', 'Vay cầm cố giấy tờ có giá']
2026-03-13 14:22:49,699 - INFO - app.rag.rag_pipeline - Multi queries: ['Ngân hàng Vietcombank cung cấp những gói vay kinh doanh nào?']
2026-03-13 14:22:49,699 - INFO - app.rag.rag_pipeline - Final search queries: ['Thông tin về các gói vay kinh doanh của Ngân hàng Vietcombank là gì?', 'Ngân hàng Vietcombank cung cấp những gói vay kinh doanh nào?', 'Thông tin về các gói vay kinh doanh của Ngân hàng Vietcombank là gì? An tâm kinh doanh', 'Thông tin về các gói vay kinh doanh của Ngân hàng Vietcombank là gì? Kinh doanh tài lộc', 'Thông tin về các gói vay kinh doanh của Ngân hàng Vietcombank là gì? Vay cầm cố giấy tờ có giá']
2026-03-13 14:22:49,701 - INFO - app.rag.rag_pipeline - Starting retrieval
2026-03-13 14:29:06,700 - INFO - app.rag.rag_pipeline - Initializing RAGPipeline
2026-03-13 14:29:06,712 - INFO - app.rag.rag_pipeline - Loaded 26 products
2026-03-13 14:29:06,713 - INFO - app.rag.rag_pipeline - User request: Các gói vay kinh doanh của VCB
2026-03-13 14:29:09,002 - INFO - app.rag.rag_pipeline - Rewritten query: Thông tin về các gói vay kinh doanh của Ngân hàng Vietcombank là gì?
2026-03-13 14:29:10,214 - INFO - app.rag.rag_pipeline - Product router detected: ['An tâm kinh doanh', 'Kinh doanh tài lộc']
2026-03-13 14:29:10,216 - INFO - app.rag.rag_pipeline - Detected products after rewrite: ['An tâm kinh doanh', 'Kinh doanh tài lộc']
2026-03-13 14:29:12,047 - INFO - app.rag.rag_pipeline - Multi queries: ['Ngân hàng Vietcombank có những gói vay kinh doanh nào?']
2026-03-13 14:29:12,048 - INFO - app.rag.rag_pipeline - Final search queries: ['Thông tin về các gói vay kinh doanh của Ngân hàng Vietcombank là gì?', 'Ngân hàng Vietcombank có những gói vay kinh doanh nào?', 'Thông tin về các gói vay kinh doanh của Ngân hàng Vietcombank là gì? An tâm kinh doanh', 'Thông tin về các gói vay kinh doanh của Ngân hàng Vietcombank là gì? Kinh doanh tài lộc']
2026-03-13 14:29:12,048 - INFO - app.rag.rag_pipeline - Starting retrieval
2026-03-13 14:29:19,965 - INFO - app.rag.rag_pipeline - Retrieved docs: 12
2026-03-13 14:29:23,404 - INFO - app.rag.rag_pipeline - RAG latency: 15.42s
2026-03-13 14:32:27,338 - INFO - app.rag.rag_pipeline - Initializing RAGPipeline
2026-03-13 14:32:27,342 - INFO - app.rag.rag_pipeline - Loaded 26 products
2026-03-13 14:32:27,342 - INFO - app.rag.rag_pipeline - User request: Các gói vay kinh doanh của VCB
2026-03-13 14:32:29,462 - INFO - app.rag.rag_pipeline - Rewritten query: Thông tin về các gói vay kinh doanh của Ngân hàng Vietcombank là gì?
2026-03-13 14:32:31,656 - INFO - app.rag.rag_pipeline - Product router detected: ['Vay nâng cấp cơ sở lưu trú du lịch', 'Vay tiêu dùng có tài sản bảo đảm', 'Vay cầm cố giấy tờ có giá', 'Vay mua nhà ở, đất ở', 'Vay mua ô tô', 'Vay tín chấp theo lương', 'Vay xây sửa nhà ở', 'Vay mua nhà dự án', 'Vay xây mới cơ sở lưu trú du lịch', 'Kinh doanh tài lộc', 'An tâm kinh doanh']
2026-03-13 14:32:31,658 - INFO - app.rag.rag_pipeline - Detected products after rewrite: ['Vay nâng cấp cơ sở lưu trú du lịch', 'Vay tiêu dùng có tài sản bảo đảm', 'Vay cầm cố giấy tờ có giá', 'Vay mua nhà ở, đất ở', 'Vay mua ô tô', 'Vay tín chấp theo lương', 'Vay xây sửa nhà ở', 'Vay mua nhà dự án', 'Vay xây mới cơ sở lưu trú du lịch', 'Kinh doanh tài lộc', 'An tâm kinh doanh']
2026-03-13 14:32:33,611 - INFO - app.rag.rag_pipeline - Multi queries: ['Ngân hàng Vietcombank có những gói vay kinh doanh nào?']
2026-03-13 14:32:33,612 - INFO - app.rag.rag_pipeline - Final search queries: ['Thông tin về các gói vay kinh doanh của Ngân hàng Vietcombank là gì?', 'Ngân hàng Vietcombank có những gói vay kinh doanh nào?', 'Thông tin về các gói vay kinh doanh của Ngân hàng Vietcombank là gì? Vay nâng cấp cơ sở lưu trú du lịch', 'Thông tin về các gói vay kinh doanh của Ngân hàng Vietcombank là gì? Vay tiêu dùng có tài sản bảo đảm', 'Thông tin về các gói vay kinh doanh của Ngân hàng Vietcombank là gì? Vay cầm cố giấy tờ có giá', 'Thông tin về các gói vay kinh doanh của Ngân hàng Vietcombank là gì? Vay mua nhà ở, đất ở', 'Thông tin về các gói vay kinh doanh của Ngân hàng Vietcombank là gì? Vay mua ô tô', 'Thông tin về các gói vay kinh doanh của Ngân hàng Vietcombank là gì? Vay tín chấp theo lương', 'Thông tin về các gói vay kinh doanh của Ngân hàng Vietcombank là gì? Vay xây sửa nhà ở', 'Thông tin về các gói vay kinh doanh của Ngân hàng Vietcombank là gì? Vay mua nhà dự án', 'Thông tin về các gói vay kinh doanh của Ngân hàng Vietcombank là gì? Vay xây mới cơ sở lưu trú du lịch', 'Thông tin về các gói vay kinh doanh của Ngân hàng Vietcombank là gì? Kinh doanh tài lộc', 'Thông tin về các gói vay kinh doanh của Ngân hàng Vietcombank là gì? An tâm kinh doanh']
2026-03-13 14:32:33,613 - INFO - app.rag.rag_pipeline - Starting retrieval
2026-03-13 14:32:41,282 - INFO - app.rag.rag_pipeline - Retrieved docs: 15
2026-03-13 14:32:49,635 - INFO - app.rag.rag_pipeline - RAG latency: 21.20s
2026-03-13 14:35:15,630 - INFO - app.rag.rag_pipeline - Initializing RAGPipeline
2026-03-13 14:35:15,633 - INFO - app.rag.rag_pipeline - Loaded 26 products
2026-03-13 14:35:15,633 - INFO - app.rag.rag_pipeline - User request: Điều kiện vay mua ô tô của VCB
2026-03-13 14:35:18,524 - INFO - app.rag.rag_pipeline - Rewritten query: Điều kiện để vay mua ô tô tại ngân hàng Vietcombank là gì?
2026-03-13 14:35:19,201 - INFO - app.rag.rag_pipeline - Product router detected: ['Vay mua ô tô']
2026-03-13 14:35:19,202 - INFO - app.rag.rag_pipeline - Detected products after rewrite: ['Vay mua ô tô']
2026-03-13 14:35:21,653 - INFO - app.rag.rag_pipeline - Multi queries: ['Tôi cần biết điều kiện vay mua ô tô tại ngân hàng Vietcombank.']
2026-03-13 14:35:21,654 - INFO - app.rag.rag_pipeline - Final search queries: ['Điều kiện để vay mua ô tô tại ngân hàng Vietcombank là gì?', 'Tôi cần biết điều kiện vay mua ô tô tại ngân hàng Vietcombank.', 'Điều kiện để vay mua ô tô tại ngân hàng Vietcombank là gì? Vay mua ô tô']
2026-03-13 14:35:21,655 - INFO - app.rag.rag_pipeline - Starting retrieval
2026-03-13 14:35:28,955 - INFO - app.rag.rag_pipeline - Retrieved docs: 4
2026-03-13 14:35:35,925 - INFO - app.rag.rag_pipeline - RAG latency: 18.36s
2026-03-13 14:36:00,014 - INFO - app.rag.rag_pipeline - User request: Điều kiện vay mua ô tô của VCB
2026-03-13 14:36:02,757 - INFO - app.rag.rag_pipeline - Rewritten query: Điều kiện để vay mua ô tô tại ngân hàng Vietcombank là gì?
2026-03-13 14:36:03,600 - INFO - app.rag.rag_pipeline - Product router detected: ['Vay mua ô tô']
2026-03-13 14:36:03,601 - INFO - app.rag.rag_pipeline - Detected products after rewrite: ['Vay mua ô tô']
2026-03-13 14:36:06,357 - INFO - app.rag.rag_pipeline - Multi queries: ['Tôi cần biết các yêu cầu để vay mua ô tô tại ngân hàng Vietcombank.']
2026-03-13 14:36:06,359 - INFO - app.rag.rag_pipeline - Final search queries: ['Điều kiện để vay mua ô tô tại ngân hàng Vietcombank là gì?', 'Tôi cần biết các yêu cầu để vay mua ô tô tại ngân hàng Vietcombank.', 'Điều kiện để vay mua ô tô tại ngân hàng Vietcombank là gì? Vay mua ô tô']
2026-03-13 14:36:06,360 - INFO - app.rag.rag_pipeline - Starting retrieval
2026-03-13 14:36:06,467 - INFO - app.rag.rag_pipeline - Retrieved docs: 4
2026-03-13 14:36:11,274 - INFO - app.rag.rag_pipeline - RAG latency: 9.58s
